<?xml version="1.0" encoding="UTF-8"?>
<!-- Generated by org.testng.reporters.JUnitReportReporter -->
<testsuite hostname="elihle" failures="0" tests="4" name="com.orangehrm.tests.OrangeHRMHomePageTest" time="1.053" errors="0" timestamp="2025-08-20T14:12:46 SAST" skipped="0">
  <testcase classname="com.orangehrm.tests.OrangeHRMHomePageTest" name="verifyOrangeHRMHomePageTitle" time="0.615"/>
  <system-out/>
  <testcase classname="com.orangehrm.tests.OrangeHRMHomePageTest" name="verifyOrangeHRMHomePageURL" time="0.014"/>
  <system-out/>
  <testcase classname="com.orangehrm.tests.OrangeHRMHomePageTest" name="verifyOrangeHRMHomePageHeaderText" time="0.067"/>
  <system-out/>
  <testcase classname="com.orangehrm.tests.OrangeHRMHomePageTest" name="verifyOrangeHRMHomePageLogo" time="0.357"/>
  <system-out/>
</testsuite> <!-- com.orangehrm.tests.OrangeHRMHomePageTest -->
