<?xml version="1.0" encoding="UTF-8"?>
<!-- Generated by org.testng.reporters.JUnitReportReporter -->
<testsuite hostname="elihle" failures="0" tests="6" name="com.orangehrm.tests.PIMAddEmployeeTest" time="50.049" errors="1" timestamp="2025-08-22T20:54:44 SAST" skipped="5">
  <testcase classname="com.orangehrm.tests.PIMAddEmployeeTest" name="setup" time="50.043">
    <error message="Error {
  message=&#039;Timeout 30000ms exceeded.
=========================== logs ===========================
navigating to &quot;https://opensource-demo.orangehrmlive.com/web/index.php/auth/login&quot;, waiting until &quot;networkidle&quot;
============================================================
  name=&#039;TimeoutError
  stack=&#039;TimeoutError: Timeout 30000ms exceeded.
=========================== logs ===========================
navigating to &quot;https://opensource-demo.orangehrmlive.com/web/index.php/auth/login&quot;, waiting until &quot;networkidle&quot;
============================================================
    at ProgressController.run (C:\Users\USER\AppData\Local\Temp\playwright-java-15041017842603725125\package\lib\server\progress.js:96:26)
    at Frame.goto (C:\Users\USER\AppData\Local\Temp\playwright-java-15041017842603725125\package\lib\server\frames.js:628:23)
    at FrameDispatcher.goto (C:\Users\USER\AppData\Local\Temp\playwright-java-15041017842603725125\package\lib\dispatchers\frameDispatcher.js:79:77)
    at DispatcherConnection.dispatch (C:\Users\USER\AppData\Local\Temp\playwright-java-15041017842603725125\package\lib\dispatchers\dispatcher.js:352:46)
}" type="com.microsoft.playwright.TimeoutError">
      <![CDATA[com.microsoft.playwright.TimeoutError: Error {
  message='Timeout 30000ms exceeded.
=========================== logs ===========================
navigating to "https://opensource-demo.orangehrmlive.com/web/index.php/auth/login", waiting until "networkidle"
============================================================
  name='TimeoutError
  stack='TimeoutError: Timeout 30000ms exceeded.
=========================== logs ===========================
navigating to "https://opensource-demo.orangehrmlive.com/web/index.php/auth/login", waiting until "networkidle"
============================================================
    at ProgressController.run (C:\Users\USER\AppData\Local\Temp\playwright-java-15041017842603725125\package\lib\server\progress.js:96:26)
    at Frame.goto (C:\Users\USER\AppData\Local\Temp\playwright-java-15041017842603725125\package\lib\server\frames.js:628:23)
    at FrameDispatcher.goto (C:\Users\USER\AppData\Local\Temp\playwright-java-15041017842603725125\package\lib\dispatchers\frameDispatcher.js:79:77)
    at DispatcherConnection.dispatch (C:\Users\USER\AppData\Local\Temp\playwright-java-15041017842603725125\package\lib\dispatchers\dispatcher.js:352:46)
}
at com.microsoft.playwright.impl.WaitableResult.get(WaitableResult.java:52)
at com.microsoft.playwright.impl.ChannelOwner.runUntil(ChannelOwner.java:103)
at com.microsoft.playwright.impl.Connection.sendMessage(Connection.java:115)
at com.microsoft.playwright.impl.ChannelOwner.sendMessage(ChannelOwner.java:94)
at com.microsoft.playwright.impl.FrameImpl.navigateImpl(FrameImpl.java:401)
at com.microsoft.playwright.impl.PageImpl.lambda$navigate$32(PageImpl.java:802)
at com.microsoft.playwright.impl.LoggingSupport.withLogging(LoggingSupport.java:47)
at com.microsoft.playwright.impl.ChannelOwner.withLogging(ChannelOwner.java:79)
at com.microsoft.playwright.impl.PageImpl.navigate(PageImpl.java:801)
at com.microsoft.playwright.impl.PageImpl.navigate(PageImpl.java:41)
at com.orangehrm.base.BaseTest.launchApplication(BaseTest.java:83)
at com.orangehrm.tests.PIMAddEmployeeTest.setup(PIMAddEmployeeTest.java:37)
at java.base/jdk.internal.reflect.DirectMethodHandleAccessor.invoke(DirectMethodHandleAccessor.java:103)
at java.base/java.lang.reflect.Method.invoke(Method.java:580)
at org.testng.internal.invokers.MethodInvocationHelper.invokeMethod(MethodInvocationHelper.java:135)
at org.testng.internal.invokers.MethodInvocationHelper.invokeMethodConsideringTimeout(MethodInvocationHelper.java:65)
at org.testng.internal.invokers.ConfigInvoker.invokeConfigurationMethod(ConfigInvoker.java:381)
at org.testng.internal.invokers.ConfigInvoker.invokeConfigurations(ConfigInvoker.java:319)
at org.testng.internal.invokers.TestMethodWorker.invokeBeforeClassMethods(TestMethodWorker.java:178)
at org.testng.internal.invokers.TestMethodWorker.run(TestMethodWorker.java:122)
at java.base/java.util.ArrayList.forEach(ArrayList.java:1596)
at org.testng.TestRunner.privateRun(TestRunner.java:808)
at org.testng.TestRunner.run(TestRunner.java:603)
at org.testng.SuiteRunner.runTest(SuiteRunner.java:429)
at org.testng.SuiteRunner.runSequentially(SuiteRunner.java:423)
at org.testng.SuiteRunner.privateRun(SuiteRunner.java:383)
at org.testng.SuiteRunner.run(SuiteRunner.java:326)
at org.testng.SuiteRunnerWorker.runSuite(SuiteRunnerWorker.java:52)
at org.testng.SuiteRunnerWorker.run(SuiteRunnerWorker.java:95)
at org.testng.TestNG.runSuitesSequentially(TestNG.java:1249)
at org.testng.TestNG.runSuitesLocally(TestNG.java:1169)
at org.testng.TestNG.runSuites(TestNG.java:1092)
at org.testng.TestNG.run(TestNG.java:1060)
at org.testng.remote.AbstractRemoteTestNG.run(AbstractRemoteTestNG.java:115)
at org.testng.remote.RemoteTestNG.initAndRun(RemoteTestNG.java:293)
at org.testng.remote.RemoteTestNG.main(RemoteTestNG.java:91)
Caused by: com.microsoft.playwright.TimeoutError: Error {
  message='Timeout 30000ms exceeded.
=========================== logs ===========================
navigating to "https://opensource-demo.orangehrmlive.com/web/index.php/auth/login", waiting until "networkidle"
============================================================
  name='TimeoutError
  stack='TimeoutError: Timeout 30000ms exceeded.
=========================== logs ===========================
navigating to "https://opensource-demo.orangehrmlive.com/web/index.php/auth/login", waiting until "networkidle"
============================================================
    at ProgressController.run (C:\Users\USER\AppData\Local\Temp\playwright-java-15041017842603725125\package\lib\server\progress.js:96:26)
    at Frame.goto (C:\Users\USER\AppData\Local\Temp\playwright-java-15041017842603725125\package\lib\server\frames.js:628:23)
    at FrameDispatcher.goto (C:\Users\USER\AppData\Local\Temp\playwright-java-15041017842603725125\package\lib\dispatchers\frameDispatcher.js:79:77)
    at DispatcherConnection.dispatch (C:\Users\USER\AppData\Local\Temp\playwright-java-15041017842603725125\package\lib\dispatchers\dispatcher.js:352:46)
}
at com.microsoft.playwright.impl.Connection.dispatch(Connection.java:226)
at com.microsoft.playwright.impl.Connection.processOneMessage(Connection.java:208)
at com.microsoft.playwright.impl.ChannelOwner.runUntil(ChannelOwner.java:101)
... 34 more
]]>
    </error>
  </testcase> <!-- setup -->
  <system-out/>
  <testcase classname="com.orangehrm.tests.PIMAddEmployeeTest" name="verifyViewEmployeePageURL" time="0.000">
    <skipped/>
  </testcase> <!-- verifyViewEmployeePageURL -->
  <system-out/>
  <testcase classname="com.orangehrm.tests.PIMAddEmployeeTest" name="verifyViewEmployeePageHeaderText" time="0.000">
    <skipped/>
  </testcase> <!-- verifyViewEmployeePageHeaderText -->
  <system-out/>
  <testcase classname="com.orangehrm.tests.PIMAddEmployeeTest" name="verifyAddEmployeePageURL" time="0.001">
    <skipped/>
  </testcase> <!-- verifyAddEmployeePageURL -->
  <system-out/>
  <testcase classname="com.orangehrm.tests.PIMAddEmployeeTest" name="verifyAddEmployeeHeaderText" time="0.005">
    <skipped/>
  </testcase> <!-- verifyAddEmployeeHeaderText -->
  <system-out/>
  <testcase classname="com.orangehrm.tests.PIMAddEmployeeTest" name="verifyAddedEmployeeHeaderText" time="0.000">
    <skipped/>
  </testcase> <!-- verifyAddedEmployeeHeaderText -->
  <system-out/>
</testsuite> <!-- com.orangehrm.tests.PIMAddEmployeeTest -->
