<?xml version="1.0" encoding="UTF-8"?>
<!-- Generated by org.testng.reporters.JUnitReportReporter -->
<testsuite hostname="elihle" failures="0" tests="4" name="com.orangehrm.tests.OrangeHRMDashboardPageTest" time="4.467" errors="0" timestamp="2025-08-21T09:26:58 SAST" skipped="0">
  <testcase classname="com.orangehrm.tests.OrangeHRMDashboardPageTest" name="verifyOrangeHRMDashboardPageURL" time="2.863"/>
  <system-out/>
  <testcase classname="com.orangehrm.tests.OrangeHRMDashboardPageTest" name="verifyOrangeHRMDashboardPageTitle" time="0.921"/>
  <system-out/>
  <testcase classname="com.orangehrm.tests.OrangeHRMDashboardPageTest" name="verifyOrangeHRMDashboardPageDashboardHeaderText" time="0.417"/>
  <system-out/>
  <testcase classname="com.orangehrm.tests.OrangeHRMDashboardPageTest" name="verifyOrangeHRMDashboardPageDashboardIsActiveFromMenu" time="0.266"/>
  <system-out/>
</testsuite> <!-- com.orangehrm.tests.OrangeHRMDashboardPageTest -->
